<?xml version="1.0" encoding="UTF-8"?>
<testsuite xmlns:xsi="http://www.w3.org/2001/XMLSchema-instance" xsi:noNamespaceSchemaLocation="https://maven.apache.org/surefire/maven-surefire-plugin/xsd/surefire-test-report.xsd" name="com.library.rest.controller.UserControllerWebMvcTest" time="1.138" tests="2" errors="0" skipped="0" failures="0">
  <properties>
[...]
</properties>
  <testcase name="testGetUsers" classname="com.library.rest.controller.UserControllerWebMvcTest" time="0.051"/>
  <testcase name="testGetUserById" classname="com.library.rest.controller.UserControllerWebMvcTest" time="0.026"/>
</testsuite>